[INFO ] 2018-01-10T21:48:05,226Z [main] manifests.Manifests.info - 106 attributes loaded from 106 stream(s) in 27s, 106 saved, 1566 ignored: ["ActiveMQ-Version", "Agent-Class", "Ant-Version", "App-Class-Path", "Application-Class", "Application-Library-Allowable-Codebase", "Application-Name", "Application-Version", "Archiver-Version", "Bnd-LastModified", "Branch", "Build-Date", "Build-Host", "Build-Id", "Build-Java-Version", "Build-Jdk", "Build-Job", "Build-Number", "Build-Timestamp", "Built-By", "Built-OS", "Built-Status", "Bundle-Activator", "Bundle-Category", "Bundle-ClassPath", "Bundle-Description", "Bundle-DocURL", "Bundle-License", "Bundle-ManifestVersion", "Bundle-Name", "Bundle-RequiredExecutionEnvironment", "Bundle-SymbolicName", "Bundle-Vendor", "Bundle-Version", "Caller-Allowable-Codebase", "Can-Redefine-Classes", "Can-Retransform-Classes", "Caplets", "Change", "Codebase", "Corda-Platform-Version", "Corda-Release-Version", "Corda-Revision", "Corda-Vendor", "Created-By", "DynamicImport-Package", "Eclipse-BuddyPolicy", "Eclipse-LazyStart", "Export-Package", "Extension-Name", "Fragment-Host", "Gradle-Version", "Ignore-Package", "Implementation-Build", "Implementation-Build-Date", "Implementation-Title", "Implementation-URL", "Implementation-Url", "Implementation-Vendor", "Implementation-Vendor-Id", "Implementation-Version", "Import-Package", "Include-Resource", "JCabi-Build", "JCabi-Date", "JCabi-Version", "JVM-Args", "Java-Agents", "Java-Vendor", "Java-Version", "Kotlin-Runtime-Component", "Kotlin-Version", "Log4jReleaseKey", "Log4jReleaseManager", "Log4jReleaseVersion", "Main-Class", "Main-class", "Manifest-Version", "Min-Java-Version", "Min-Update-Version", "Module-Email", "Module-Origin", "Module-Owner", "Module-Source", "Originally-Created-By", "Os-Arch", "Os-Name", "Os-Version", "Package", "Permissions", "Premain-Class", "Private-Package", "Provide-Capability", "Require-Capability", "Scm-Connection", "Scm-Revision", "Scm-Url", "Service-Component", "Specification-Title", "Specification-Vendor", "Specification-Version", "System-Properties", "Tool", "Trusted-Library", "X-Compile-Source-JDK", "X-Compile-Target-JDK"]
[INFO ] 2018-01-10T21:48:09,588Z [main] BasicInfo.printBasicNodeInfo - Logs can be found in                    : G:\cordanew2\AmendFlow\agreement-negotiation\build\nodes\BankofAmerica\logs
[INFO ] 2018-01-10T21:48:10,869Z [main] config.ConfigHelper.loadConfig - Config:
{
    # hardcoded value
    "baseDirectory" : "G:\\cordanew2\\AmendFlow\\agreement-negotiation\\build\\nodes\\BankofAmerica",
    # reference.conf @ jar:file:/C:/Users/Sameer/AppData/Local/capsule/apps/net.corda.node.Corda_1.0.0/corda-node-1.0.0.jar!/reference.conf: 22
    "bftSMaRt" : {
        # reference.conf @ jar:file:/C:/Users/Sameer/AppData/Local/capsule/apps/net.corda.node.Corda_1.0.0/corda-node-1.0.0.jar!/reference.conf: 24
        "debug" : false,
        # reference.conf @ jar:file:/C:/Users/Sameer/AppData/Local/capsule/apps/net.corda.node.Corda_1.0.0/corda-node-1.0.0.jar!/reference.conf: 23
        "replicaId" : -1
    },
    # reference.conf @ jar:file:/C:/Users/Sameer/AppData/Local/capsule/apps/net.corda.node.Corda_1.0.0/corda-node-1.0.0.jar!/reference.conf: 17
    "certificateSigningService" : "https://cordaci-netperm.corda.r3cev.com",
    # reference.conf @ jar:file:/C:/Users/Sameer/AppData/Local/capsule/apps/net.corda.node.Corda_1.0.0/corda-node-1.0.0.jar!/reference.conf: 6
    "dataSourceProperties" : {
        # reference.conf @ jar:file:/C:/Users/Sameer/AppData/Local/capsule/apps/net.corda.node.Corda_1.0.0/corda-node-1.0.0.jar!/reference.conf: 10
        "dataSource.password" : "",
        # merge of reference.conf @ jar:file:/C:/Users/Sameer/AppData/Local/capsule/apps/net.corda.node.Corda_1.0.0/corda-node-1.0.0.jar!/reference.conf: 8,hardcoded value,reference.conf @ jar:file:/C:/Users/Sameer/AppData/Local/capsule/apps/net.corda.node.Corda_1.0.0/corda-node-1.0.0.jar!/reference.conf: 8,reference.conf @ jar:file:/C:/Users/Sameer/AppData/Local/capsule/apps/net.corda.node.Corda_1.0.0/corda-node-1.0.0.jar!/reference.conf: 19
        "dataSource.url" : "jdbc:h2:file:G:\\cordanew2\\AmendFlow\\agreement-negotiation\\build\\nodes\\BankofAmerica/persistence;DB_CLOSE_ON_EXIT=FALSE;LOCK_TIMEOUT=10000;WRITE_DELAY=100;AUTO_SERVER_PORT=0",
        # reference.conf @ jar:file:/C:/Users/Sameer/AppData/Local/capsule/apps/net.corda.node.Corda_1.0.0/corda-node-1.0.0.jar!/reference.conf: 9
        "dataSource.user" : "sa",
        # reference.conf @ jar:file:/C:/Users/Sameer/AppData/Local/capsule/apps/net.corda.node.Corda_1.0.0/corda-node-1.0.0.jar!/reference.conf: 7
        "dataSourceClassName" : "org.h2.jdbcx.JdbcDataSource"
    },
    # reference.conf @ jar:file:/C:/Users/Sameer/AppData/Local/capsule/apps/net.corda.node.Corda_1.0.0/corda-node-1.0.0.jar!/reference.conf: 12
    "database" : {
        # reference.conf @ jar:file:/C:/Users/Sameer/AppData/Local/capsule/apps/net.corda.node.Corda_1.0.0/corda-node-1.0.0.jar!/reference.conf: 14
        "initDatabase" : true,
        # reference.conf @ jar:file:/C:/Users/Sameer/AppData/Local/capsule/apps/net.corda.node.Corda_1.0.0/corda-node-1.0.0.jar!/reference.conf: 13
        "transactionIsolationLevel" : "repeatableRead"
    },
    # reference.conf @ jar:file:/C:/Users/Sameer/AppData/Local/capsule/apps/net.corda.node.Corda_1.0.0/corda-node-1.0.0.jar!/reference.conf: 16
    "devMode" : true,
    # reference.conf @ jar:file:/C:/Users/Sameer/AppData/Local/capsule/apps/net.corda.node.Corda_1.0.0/corda-node-1.0.0.jar!/reference.conf: 2
    "emailAddress" : "admin@company.com",
    # reference.conf @ jar:file:/C:/Users/Sameer/AppData/Local/capsule/apps/net.corda.node.Corda_1.0.0/corda-node-1.0.0.jar!/reference.conf: 3
    "exportJMXto" : "http",
    # G:\cordanew2\AmendFlow\agreement-negotiation\build\nodes\BankofAmerica\node.conf: 1
    "extraAdvertisedServiceIds" : [],
    # reference.conf @ jar:file:/C:/Users/Sameer/AppData/Local/capsule/apps/net.corda.node.Corda_1.0.0/corda-node-1.0.0.jar!/reference.conf: 19
    "h2port" : 0,
    # reference.conf @ jar:file:/C:/Users/Sameer/AppData/Local/capsule/apps/net.corda.node.Corda_1.0.0/corda-node-1.0.0.jar!/reference.conf: 4
    "keyStorePassword" : "cordacadevpass",
    # G:\cordanew2\AmendFlow\agreement-negotiation\build\nodes\BankofAmerica\node.conf: 2
    "myLegalName" : "O=Bank of America,L=New York,C=US",
    # G:\cordanew2\AmendFlow\agreement-negotiation\build\nodes\BankofAmerica\node.conf: 3
    "networkMapService" : {
        # G:\cordanew2\AmendFlow\agreement-negotiation\build\nodes\BankofAmerica\node.conf: 4
        "address" : "localhost:10002",
        # G:\cordanew2\AmendFlow\agreement-negotiation\build\nodes\BankofAmerica\node.conf: 5
        "legalName" : "O=Controller,L=London,C=GB"
    },
    # G:\cordanew2\AmendFlow\agreement-negotiation\build\nodes\BankofAmerica\node.conf: 7
    "p2pAddress" : "localhost:10008",
    # G:\cordanew2\AmendFlow\agreement-negotiation\build\nodes\BankofAmerica\node.conf: 8
    "rpcAddress" : "localhost:10009",
    # G:\cordanew2\AmendFlow\agreement-negotiation\build\nodes\BankofAmerica\node.conf: 9
    "rpcUsers" : [
        # G:\cordanew2\AmendFlow\agreement-negotiation\build\nodes\BankofAmerica\node.conf: 10
        {
            # G:\cordanew2\AmendFlow\agreement-negotiation\build\nodes\BankofAmerica\node.conf: 11
            "password" : "test",
            # G:\cordanew2\AmendFlow\agreement-negotiation\build\nodes\BankofAmerica\node.conf: 12
            "permissions" : [
                # G:\cordanew2\AmendFlow\agreement-negotiation\build\nodes\BankofAmerica\node.conf: 13
                "StartFlow.com.genpact.agreementnegotiation.flow.AgreementNegotiationInitiateFlow$Initiator"
            ],
            # G:\cordanew2\AmendFlow\agreement-negotiation\build\nodes\BankofAmerica\node.conf: 15
            "user" : "user1"
        }
    ],
    # reference.conf @ jar:file:/C:/Users/Sameer/AppData/Local/capsule/apps/net.corda.node.Corda_1.0.0/corda-node-1.0.0.jar!/reference.conf: 5
    "trustStorePassword" : "trustpass",
    # reference.conf @ jar:file:/C:/Users/Sameer/AppData/Local/capsule/apps/net.corda.node.Corda_1.0.0/corda-node-1.0.0.jar!/reference.conf: 18
    "useHTTPS" : false,
    # reference.conf @ jar:file:/C:/Users/Sameer/AppData/Local/capsule/apps/net.corda.node.Corda_1.0.0/corda-node-1.0.0.jar!/reference.conf: 20
    "useTestClock" : false,
    # reference.conf @ jar:file:/C:/Users/Sameer/AppData/Local/capsule/apps/net.corda.node.Corda_1.0.0/corda-node-1.0.0.jar!/reference.conf: 21
    "verifierType" : "InMemory",
    # G:\cordanew2\AmendFlow\agreement-negotiation\build\nodes\BankofAmerica\node.conf: 18
    "webAddress" : "localhost:10010"
}

[WARN ] 2018-01-10T21:48:15,321Z [main] nodeapi.config.defaultToOldPath - Config key user has been deprecated and will be removed in a future release. Use username instead
[INFO ] 2018-01-10T21:48:15,381Z [main] internal.Node.logStartupInfo - Vendor: Corda Open Source
[INFO ] 2018-01-10T21:48:15,382Z [main] internal.Node.logStartupInfo - Release: 1.0.0
[INFO ] 2018-01-10T21:48:15,382Z [main] internal.Node.logStartupInfo - Platform Version: 1
[INFO ] 2018-01-10T21:48:15,383Z [main] internal.Node.logStartupInfo - Revision: 31be2a49176560f1d82053c464faa83b8dd52deb
[INFO ] 2018-01-10T21:48:15,384Z [main] internal.Node.logStartupInfo - PID: 3732
[INFO ] 2018-01-10T21:48:15,385Z [main] internal.Node.logStartupInfo - Main class: /C:/Users/Sameer/AppData/Local/capsule/apps/net.corda.node.Corda_1.0.0/corda-node-1.0.0.jar
[INFO ] 2018-01-10T21:48:15,385Z [main] internal.Node.logStartupInfo - CommandLine Args: -Xmx200m -XX:+UseG1GC -agentlib:jdwp=transport=dt_socket,server=y,suspend=n,address=5005 -javaagent:C:\Users\Sameer\AppData\Local\capsule\apps\net.corda.node.Corda_1.0.0\quasar-core-0.7.9-jdk8.jar=x(antlr**;bftsmart**;ch**;co.paralleluniverse**;com.codahale**;com.esotericsoftware**;com.fasterxml**;com.google**;com.ibm**;com.intellij**;com.jcabi**;com.nhaarman**;com.opengamma**;com.typesafe**;com.zaxxer**;de.javakaffee**;groovy**;groovyjarjarantlr**;groovyjarjarasm**;io.atomix**;io.github**;io.netty**;jdk**;joptsimple**;junit**;kotlin**;net.bytebuddy**;net.i2p**;org.apache**;org.assertj**;org.bouncycastle**;org.codehaus**;org.crsh**;org.dom4j**;org.fusesource**;org.h2**;org.hamcrest**;org.hibernate**;org.jboss**;org.jcp**;org.joda**;org.junit**;org.mockito**;org.objectweb**;org.objenesis**;org.slf4j**;org.w3c**;org.xml**;org.yaml**;reflectasm**;rx**) -javaagent:G:\cordanew2\AmendFlow\agreement-negotiation\build\nodes\BankofAmerica\corda.jar -Dcapsule.address=0.0.0.0 -Dvisualvm.display.name=Corda -Djava.library.path=C:\Program Files\Java\jre1.8.0_144\bin;C:\WINDOWS\Sun\Java\bin;C:\WINDOWS\system32;C:\WINDOWS;C:\ProgramData\Oracle\Java\javapath;C:\app\Sameer\product\11.2.0\client_1\bin;C:\Program Files (x86)\Intel\iCLS Client;C:\Program Files\Intel\iCLS Client;C:\Program Files (x86)\NVIDIA Corporation\PhysX\Common;C:\WINDOWS\system32;C:\WINDOWS;C:\WINDOWS\System32\Wbem;C:\WINDOWS\System32\WindowsPowerShell\v1.0;C:\Program Files (x86)\Intel\OpenCL SDK\2.0\bin\x86;C:\Program Files (x86)\Intel\OpenCL SDK\2.0\bin\x64;C:\Program Files\Intel\Intel(R) Management Engine Components\DAL;C:\Program Files\Intel\Intel(R) Management Engine Components\IPT;C:\Program Files (x86)\Intel\Intel(R) Management Engine Components\DAL;C:\Program Files (x86)\Intel\Intel(R) Management Engine Components\IPT;C:\Program Files (x86)\MySQL\MySQL Server 5.1\bin;G:\PSE\PSE\apache-maven-3.2.3-bin\apache-maven-3.2.3\bin;C:\Program Files\nodejs;C:\Users\Sameer\.dnx\bin;C:\Program Files\Microsoft DNX\Dnvm;C:\Program Files\Microsoft SQL Server\130\Tools\Binn;c:\Program Files (x86)\Microsoft SQL Server\110\Tools\Binn\ManagementStudio;c:\Program Files (x86)\Microsoft SQL Server\110\Tools\Binn;c:\Program Files (x86)\Microsoft SQL Server\110\DTS\Binn;C:\Program Files\Microsoft SQL Server\Client SDK\ODBC\130\Tools\Binn;C:\Program Files (x86)\Microsoft SQL Server\130\Tools\Binn;C:\Program Files\Microsoft SQL Server\130\DTS\Binn;C:\Program Files\Microsoft\Web Platform Installer;C:\Program Files\Intel\WiFi\bin;C:\Program Files\Common Files\Intel\WirelessCommon;C:\Program Files (x86)\Skype\Phone;C:\Program Files\Git\cmd;C:\Program Files\Java\jdk1.8.0_144\bin;C:\Users\Sameer\AppData\Local\Microsoft\WindowsApps;C:\Users\Sameer\AppData\Roaming\npm;C:\Users\Sameer\AppData\Local\capsule\apps\net.corda.node.Corda_1.0.0 -Dcapsule.log=1 -Dcapsule.app=net.corda.node.Corda_1.0.0 -Dcapsule.port=52403 -Dname=BankofAmerica-corda.jar -Dcapsule.jvm.args=-agentlib:jdwp=transport=dt_socket,server=y,suspend=n,address=5005 -Dcapsule.dir=C:\Users\Sameer\AppData\Local\capsule\apps\net.corda.node.Corda_1.0.0 -Dcapsule.jar=G:\cordanew2\AmendFlow\agreement-negotiation\build\nodes\BankofAmerica\corda.jar
[INFO ] 2018-01-10T21:48:15,386Z [main] internal.Node.logStartupInfo - Application Args: 
[INFO ] 2018-01-10T21:48:15,387Z [main] internal.Node.logStartupInfo - bootclasspath: C:\Program Files\Java\jre1.8.0_144\lib\resources.jar;C:\Program Files\Java\jre1.8.0_144\lib\rt.jar;C:\Program Files\Java\jre1.8.0_144\lib\sunrsasign.jar;C:\Program Files\Java\jre1.8.0_144\lib\jsse.jar;C:\Program Files\Java\jre1.8.0_144\lib\jce.jar;C:\Program Files\Java\jre1.8.0_144\lib\charsets.jar;C:\Program Files\Java\jre1.8.0_144\lib\jfr.jar;C:\Program Files\Java\jre1.8.0_144\classes
[INFO ] 2018-01-10T21:48:15,387Z [main] internal.Node.logStartupInfo - classpath: G:\cordanew2\AmendFlow\agreement-negotiation\build\nodes\BankofAmerica\corda.jar;C:\Users\Sameer\AppData\Local\capsule\apps\net.corda.node.Corda_1.0.0\jolokia-agent-war-2.0.0-M3.war;C:\Users\Sameer\AppData\Local\capsule\apps\net.corda.node.Corda_1.0.0\corda-rpc-1.0.0.jar;C:\Users\Sameer\AppData\Local\capsule\apps\net.corda.node.Corda_1.0.0\corda-node-api-1.0.0.jar;C:\Users\Sameer\AppData\Local\capsule\apps\net.corda.node.Corda_1.0.0\corda-confidential-identities-1.0.0.jar;C:\Users\Sameer\AppData\Local\capsule\apps\net.corda.node.Corda_1.0.0\cordform-common-1.0.0.jar;C:\Users\Sameer\AppData\Local\capsule\apps\net.corda.node.Corda_1.0.0\corda-jackson-1.0.0.jar;C:\Users\Sameer\AppData\Local\capsule\apps\net.corda.node.Corda_1.0.0\corda-core-1.0.0.jar;C:\Users\Sameer\AppData\Local\capsule\apps\net.corda.node.Corda_1.0.0\jsr305-3.0.1.jar;C:\Users\Sameer\AppData\Local\capsule\apps\net.corda.node.Corda_1.0.0\log4j-slf4j-impl-2.7.jar;C:\Users\Sameer\AppData\Local\capsule\apps\net.corda.node.Corda_1.0.0\log4j-web-2.7.jar;C:\Users\Sameer\AppData\Local\capsule\apps\net.corda.node.Corda_1.0.0\jul-to-slf4j-1.7.25.jar;C:\Users\Sameer\AppData\Local\capsule\apps\net.corda.node.Corda_1.0.0\kotlin-stdlib-jre8-1.1.4.jar;C:\Users\Sameer\AppData\Local\capsule\apps\net.corda.node.Corda_1.0.0\jackson-module-kotlin-2.8.5.jar;C:\Users\Sameer\AppData\Local\capsule\apps\net.corda.node.Corda_1.0.0\kotlin-reflect-1.1.4.jar;C:\Users\Sameer\AppData\Local\capsule\apps\net.corda.node.Corda_1.0.0\jimfs-1.1.jar;C:\Users\Sameer\AppData\Local\capsule\apps\net.corda.node.Corda_1.0.0\artemis-amqp-protocol-2.1.0.jar;C:\Users\Sameer\AppData\Local\capsule\apps\net.corda.node.Corda_1.0.0\artemis-server-2.1.0.jar;C:\Users\Sameer\AppData\Local\capsule\apps\net.corda.node.Corda_1.0.0\artemis-jdbc-store-2.1.0.jar;C:\Users\Sameer\AppData\Local\capsule\apps\net.corda.node.Corda_1.0.0\artemis-jms-client-2.1.0.jar;C:\Users\Sameer\AppData\Local\capsule\apps\net.corda.node.Corda_1.0.0\artemis-core-client-2.1.0.jar;C:\Users\Sameer\AppData\Local\capsule\apps\net.corda.node.Corda_1.0.0\artemis-journal-2.1.0.jar;C:\Users\Sameer\AppData\Local\capsule\apps\net.corda.node.Corda_1.0.0\artemis-commons-2.1.0.jar;C:\Users\Sameer\AppData\Local\capsule\apps\net.corda.node.Corda_1.0.0\guava-21.0.jar;C:\Users\Sameer\AppData\Local\capsule\apps\net.corda.node.Corda_1.0.0\jopt-simple-5.0.2.jar;C:\Users\Sameer\AppData\Local\capsule\apps\net.corda.node.Corda_1.0.0\jansi-1.14.jar;C:\Users\Sameer\AppData\Local\capsule\apps\net.corda.node.Corda_1.0.0\jcabi-manifests-1.1.jar;C:\Users\Sameer\AppData\Local\capsule\apps\net.corda.node.Corda_1.0.0\forms_rt-7.0.3.jar;C:\Users\Sameer\AppData\Local\capsule\apps\net.corda.node.Corda_1.0.0\metrics-core-3.1.2.jar;C:\Users\Sameer\AppData\Local\capsule\apps\net.corda.node.Corda_1.0.0\config-1.3.1.jar;C:\Users\Sameer\AppData\Local\capsule\apps\net.corda.node.Corda_1.0.0\h2-1.4.194.jar;C:\Users\Sameer\AppData\Local\capsule\apps\net.corda.node.Corda_1.0.0\HikariCP-2.5.1.jar;C:\Users\Sameer\AppData\Local\capsule\apps\net.corda.node.Corda_1.0.0\hibernate-java8-5.2.6.Final.jar;C:\Users\Sameer\AppData\Local\capsule\apps\net.corda.node.Corda_1.0.0\hibernate-core-5.2.6.Final.jar;C:\Users\Sameer\AppData\Local\capsule\apps\net.corda.node.Corda_1.0.0\copycat-client-1.2.3.jar;C:\Users\Sameer\AppData\Local\capsule\apps\net.corda.node.Corda_1.0.0\copycat-server-1.2.3.jar;C:\Users\Sameer\AppData\Local\capsule\apps\net.corda.node.Corda_1.0.0\catalyst-netty-1.1.2.jar;C:\Users\Sameer\AppData\Local\capsule\apps\net.corda.node.Corda_1.0.0\netty-all-4.1.9.Final.jar;C:\Users\Sameer\AppData\Local\capsule\apps\net.corda.node.Corda_1.0.0\crash.shell-9d242da2a10e686f33a3aefc69e4768824ad0716.jar;C:\Users\Sameer\AppData\Local\capsule\apps\net.corda.node.Corda_1.0.0\okhttp-3.5.0.jar;C:\Users\Sameer\AppData\Local\capsule\apps\net.corda.node.Corda_1.0.0\commons-codec-1.10.jar;C:\Users\Sameer\AppData\Local\capsule\apps\net.corda.node.Corda_1.0.0\library-master-v1.1-beta-g6215ec8-87.jar;C:\Users\Sameer\AppData\Local\capsule\apps\net.corda.node.Corda_1.0.0\fast-classpath-scanner-2.0.21.jar;C:\Users\Sameer\AppData\Local\capsule\apps\net.corda.node.Corda_1.0.0\quasar-core-0.7.9-jdk8.jar;C:\Users\Sameer\AppData\Local\capsule\apps\net.corda.node.Corda_1.0.0\commons-fileupload-1.3.2.jar;C:\Users\Sameer\AppData\Local\capsule\apps\net.corda.node.Corda_1.0.0\kryo-serializers-0.41.jar;C:\Users\Sameer\AppData\Local\capsule\apps\net.corda.node.Corda_1.0.0\kryo-4.0.0.jar;C:\Users\Sameer\AppData\Local\capsule\apps\net.corda.node.Corda_1.0.0\proton-j-0.21.0.jar;C:\Users\Sameer\AppData\Local\capsule\apps\net.corda.node.Corda_1.0.0\bcpkix-jdk15on-1.57.jar;C:\Users\Sameer\AppData\Local\capsule\apps\net.corda.node.Corda_1.0.0\bcprov-jdk15on-1.57.jar;C:\Users\Sameer\AppData\Local\capsule\apps\net.corda.node.Corda_1.0.0\jcabi-log-0.14.jar;C:\Users\Sameer\AppData\Local\capsule\apps\net.corda.node.Corda_1.0.0\copycat-protocol-1.2.3.jar;C:\Users\Sameer\AppData\Local\capsule\apps\net.corda.node.Corda_1.0.0\catalyst-transport-1.1.2.jar;C:\Users\Sameer\AppData\Local\capsule\apps\net.corda.node.Corda_1.0.0\jcl-over-slf4j-1.7.25.jar;C:\Users\Sameer\AppData\Local\capsule\apps\net.corda.node.Corda_1.0.0\catalyst-concurrent-1.1.2.jar;C:\Users\Sameer\AppData\Local\capsule\apps\net.corda.node.Corda_1.0.0\catalyst-serializer-1.1.2.jar;C:\Users\Sameer\AppData\Local\capsule\apps\net.corda.node.Corda_1.0.0\catalyst-buffer-1.1.2.jar;C:\Users\Sameer\AppData\Local\capsule\apps\net.corda.node.Corda_1.0.0\catalyst-common-1.1.2.jar;C:\Users\Sameer\AppData\Local\capsule\apps\net.corda.node.Corda_1.0.0\slf4j-api-1.7.25.jar;C:\Users\Sameer\AppData\Local\capsule\apps\net.corda.node.Corda_1.0.0\log4j-core-2.7.jar;C:\Users\Sameer\AppData\Local\capsule\apps\net.corda.node.Corda_1.0.0\log4j-api-2.7.jar;C:\Users\Sameer\AppData\Local\capsule\apps\net.corda.node.Corda_1.0.0\kotlin-stdlib-jre7-1.1.4.jar;C:\Users\Sameer\AppData\Local\capsule\apps\net.corda.node.Corda_1.0.0\kotlin-stdlib-1.1.4.jar;C:\Users\Sameer\AppData\Local\capsule\apps\net.corda.node.Corda_1.0.0\hibernate-commons-annotations-5.0.1.Final.jar;C:\Users\Sameer\AppData\Local\capsule\apps\net.corda.node.Corda_1.0.0\artemis-native-2.1.0.jar;C:\Users\Sameer\AppData\Local\capsule\apps\net.corda.node.Corda_1.0.0\jboss-logging-3.3.0.Final.jar;C:\Users\Sameer\AppData\Local\capsule\apps\net.corda.node.Corda_1.0.0\artemis-selector-2.1.0.jar;C:\Users\Sameer\AppData\Local\capsule\apps\net.corda.node.Corda_1.0.0\jgroups-3.6.13.Final.jar;C:\Users\Sameer\AppData\Local\capsule\apps\net.corda.node.Corda_1.0.0\geronimo-json_1.0_spec-1.0-alpha-1.jar;C:\Users\Sameer\AppData\Local\capsule\apps\net.corda.node.Corda_1.0.0\johnzon-core-0.9.5.jar;C:\Users\Sameer\AppData\Local\capsule\apps\net.corda.node.Corda_1.0.0\forms-1.1-preview.jar;C:\Users\Sameer\AppData\Local\capsule\apps\net.corda.node.Corda_1.0.0\jdom-1.0.jar;C:\Users\Sameer\AppData\Local\capsule\apps\net.corda.node.Corda_1.0.0\jackson-dataformat-yaml-2.8.5.jar;C:\Users\Sameer\AppData\Local\capsule\apps\net.corda.node.Corda_1.0.0\jackson-datatype-jsr310-2.8.5.jar;C:\Users\Sameer\AppData\Local\capsule\apps\net.corda.node.Corda_1.0.0\hibernate-jpa-2.1-api-1.0.0.Final.jar;C:\Users\Sameer\AppData\Local\capsule\apps\net.corda.node.Corda_1.0.0\javassist-3.20.0-GA.jar;C:\Users\Sameer\AppData\Local\capsule\apps\net.corda.node.Corda_1.0.0\antlr-2.7.7.jar;C:\Users\Sameer\AppData\Local\capsule\apps\net.corda.node.Corda_1.0.0\geronimo-jta_1.1_spec-1.1.1.jar;C:\Users\Sameer\AppData\Local\capsule\apps\net.corda.node.Corda_1.0.0\jandex-2.0.3.Final.jar;C:\Users\Sameer\AppData\Local\capsule\apps\net.corda.node.Corda_1.0.0\classmate-1.3.0.jar;C:\Users\Sameer\AppData\Local\capsule\apps\net.corda.node.Corda_1.0.0\dom4j-1.6.1.jar;C:\Users\Sameer\AppData\Local\capsule\apps\net.corda.node.Corda_1.0.0\cdi-api-1.1.jar;C:\Users\Sameer\AppData\Local\capsule\apps\net.corda.node.Corda_1.0.0\crash.cli-9d242da2a10e686f33a3aefc69e4768824ad0716.jar;C:\Users\Sameer\AppData\Local\capsule\apps\net.corda.node.Corda_1.0.0\groovy-all-1.8.9.jar;C:\Users\Sameer\AppData\Local\capsule\apps\net.corda.node.Corda_1.0.0\okio-1.11.0.jar;C:\Users\Sameer\AppData\Local\capsule\apps\net.corda.node.Corda_1.0.0\rxjava-1.2.4.jar;C:\Users\Sameer\AppData\Local\capsule\apps\net.corda.node.Corda_1.0.0\commons-jexl3-3.0.jar;C:\Users\Sameer\AppData\Local\capsule\apps\net.corda.node.Corda_1.0.0\jackson-databind-2.8.5.jar;C:\Users\Sameer\AppData\Local\capsule\apps\net.corda.node.Corda_1.0.0\eddsa-0.2.0.jar;C:\Users\Sameer\AppData\Local\capsule\apps\net.corda.node.Corda_1.0.0\commons-beanutils-1.9.2.jar;C:\Users\Sameer\AppData\Local\capsule\apps\net.corda.node.Corda_1.0.0\commons-io-2.2.jar;C:\Users\Sameer\AppData\Local\capsule\apps\net.corda.node.Corda_1.0.0\reflectasm-1.11.3.jar;C:\Users\Sameer\AppData\Local\capsule\apps\net.corda.node.Corda_1.0.0\minlog-1.3.0.jar;C:\Users\Sameer\AppData\Local\capsule\apps\net.corda.node.Corda_1.0.0\objenesis-2.2.jar;C:\Users\Sameer\AppData\Local\capsule\apps\net.corda.node.Corda_1.0.0\annotations-13.0.jar;C:\Users\Sameer\AppData\Local\capsule\apps\net.corda.node.Corda_1.0.0\jackson-annotations-2.8.5.jar;C:\Users\Sameer\AppData\Local\capsule\apps\net.corda.node.Corda_1.0.0\jackson-core-2.8.5.jar;C:\Users\Sameer\AppData\Local\capsule\apps\net.corda.node.Corda_1.0.0\snakeyaml-1.17.jar;C:\Users\Sameer\AppData\Local\capsule\apps\net.corda.node.Corda_1.0.0\el-api-2.2.jar;C:\Users\Sameer\AppData\Local\capsule\apps\net.corda.node.Corda_1.0.0\jboss-interceptors-api_1.1_spec-1.0.0.Beta1.jar;C:\Users\Sameer\AppData\Local\capsule\apps\net.corda.node.Corda_1.0.0\jsr250-api-1.0.jar;C:\Users\Sameer\AppData\Local\capsule\apps\net.corda.node.Corda_1.0.0\javax.inject-1.jar;C:\Users\Sameer\AppData\Local\capsule\apps\net.corda.node.Corda_1.0.0\geronimo-jms_2.0_spec-1.0-alpha-2.jar;C:\Users\Sameer\AppData\Local\capsule\apps\net.corda.node.Corda_1.0.0\commons-collections-3.2.1.jar;C:\Users\Sameer\AppData\Local\capsule\apps\net.corda.node.Corda_1.0.0\asm-5.0.4.jar;C:\Users\Sameer\AppData\Local\capsule\apps\net.corda.node.Corda_1.0.0\corda-node-1.0.0.jar;G:\cordanew2\AmendFlow\agreement-negotiation\build\nodes\BankofAmerica\plugins\agreement-negotiation-0.1.jar;G:\cordanew2\AmendFlow\agreement-negotiation\build\nodes\BankofAmerica\plugins\corda-finance-1.0.0.jar;C:\Users\Sameer\AppData\Local\capsule\apps\net.corda.node.Corda_1.0.0\quasar-core-0.7.9-jdk8.jar;G:\cordanew2\AmendFlow\agreement-negotiation\build\nodes\BankofAmerica\corda.jar
[INFO ] 2018-01-10T21:48:15,390Z [main] internal.Node.logStartupInfo - VM Java HotSpot(TM) 64-Bit Server VM Oracle Corporation 25.144-b01
[INFO ] 2018-01-10T21:48:15,392Z [main] internal.Node.logStartupInfo - Machine: Sam
[INFO ] 2018-01-10T21:48:15,392Z [main] internal.Node.logStartupInfo - Working Directory: G:\cordanew2\AmendFlow\agreement-negotiation\build\nodes\BankofAmerica
[INFO ] 2018-01-10T21:48:15,393Z [main] internal.Node.logStartupInfo - Debug port: dt_socket:5005
[INFO ] 2018-01-10T21:48:15,393Z [main] internal.Node.logStartupInfo - Starting as node on localhost:10008
[INFO ] 2018-01-10T21:48:17,339Z [main] cordapp.CordappLoader.<init> - Loading CorDapps from file:/G:/cordanew2/AmendFlow/agreement-negotiation/build/nodes/BankofAmerica/plugins/agreement-negotiation-0.1.jar, file:/G:/cordanew2/AmendFlow/agreement-negotiation/build/nodes/BankofAmerica/plugins/corda-finance-1.0.0.jar
[WARN ] 2018-01-10T21:48:18,660Z [main] internal.Node.start - Corda node is running in dev mode.
[INFO ] 2018-01-10T21:48:25,783Z [main] internal.Node.start - Node starting up ...
[INFO ] 2018-01-10T21:48:26,685Z [main] BasicInfo.printBasicNodeInfo - Database connection url is              : jdbc:h2:tcp://192.168.0.10:52575/node
[INFO ] 2018-01-10T21:48:26,922Z [main] hikari.HikariDataSource.<init> - HikariPool-1 - Started.
[INFO ] 2018-01-10T21:48:27,669Z [main] internal.Node.invoke - Connected to H2 database.
[INFO ] 2018-01-10T21:48:29,404Z [main] persistence.HibernateConfiguration.<init> - Init HibernateConfiguration for schemas: [CommonSchemaV1(name=net.corda.core.schemas.CommonSchema, version=1), VaultSchemaV1(name=net.corda.node.services.vault.VaultSchema, version=1), NodeInfoSchemaV1(name=net.corda.core.schemas.NodeInfoSchema, version=1), NodeServicesV1(name=net.corda.node.services.schema.NodeSchemaService$NodeServices, version=1)]
[INFO ] 2018-01-10T21:48:29,406Z [main] persistence.HibernateConfiguration.makeSessionFactoryForSchemas - Creating session factory for schemas: [CommonSchemaV1(name=net.corda.core.schemas.CommonSchema, version=1), VaultSchemaV1(name=net.corda.node.services.vault.VaultSchema, version=1), NodeInfoSchemaV1(name=net.corda.core.schemas.NodeInfoSchema, version=1), NodeServicesV1(name=net.corda.node.services.schema.NodeSchemaService$NodeServices, version=1)]
[INFO ] 2018-01-10T21:48:30,269Z [main] hibernate.Version.logVersion - HHH000412: Hibernate Core {5.2.6.Final}
[INFO ] 2018-01-10T21:48:30,310Z [main] cfg.Environment.<clinit> - HHH000206: hibernate.properties not found
[INFO ] 2018-01-10T21:48:30,535Z [main] common.Version.<clinit> - HCANN000001: Hibernate Commons Annotations {5.0.1.Final}
[INFO ] 2018-01-10T21:48:31,277Z [main] internal.ConnectionProviderInitiator.initiateService - HHH000130: Instantiating explicit connection provider: net.corda.node.services.persistence.HibernateConfiguration$NodeDatabaseConnectionProvider
[INFO ] 2018-01-10T21:48:31,404Z [main] dialect.Dialect.<init> - HHH000400: Using dialect: org.hibernate.dialect.H2Dialect
[INFO ] 2018-01-10T21:48:31,667Z [main] type.BasicTypeRegistry.register - HHH000270: Type registration [materialized_blob] overrides previous : org.hibernate.type.MaterializedBlobType@5ef2cbe6
[WARN ] 2018-01-10T21:48:32,495Z [main] java.JavaTypeDescriptorRegistry.getDescriptor - Could not find matching type descriptor for requested Java class [net.corda.core.identity.AbstractParty]; using fallback
[WARN ] 2018-01-10T21:48:32,504Z [main] java.JavaTypeDescriptorRegistry.getDescriptor - Could not find matching type descriptor for requested Java class [net.corda.core.identity.AbstractParty]; using fallback
[WARN ] 2018-01-10T21:48:32,505Z [main] java.JavaTypeDescriptorRegistry.getDescriptor - Could not find matching type descriptor for requested Java class [net.corda.core.identity.AbstractParty]; using fallback
[WARN ] 2018-01-10T21:48:32,591Z [main] java.JavaTypeDescriptorRegistry.getDescriptor - Could not find matching type descriptor for requested Java class [net.corda.core.identity.AbstractParty]; using fallback
[WARN ] 2018-01-10T21:48:32,595Z [main] java.JavaTypeDescriptorRegistry.getDescriptor - Could not find matching type descriptor for requested Java class [net.corda.core.identity.AbstractParty]; using fallback
[INFO ] 2018-01-10T21:48:35,229Z [main] connections.access.getIsolatedConnection - HHH10001501: Connection obtained from JdbcConnectionAccess [org.hibernate.engine.jdbc.env.internal.JdbcEnvironmentInitiator$ConnectionProviderJdbcConnectionAccess@53d808ea] for (non-JTA) DDL execution was not in auto-commit mode; the Connection 'local transaction' will be committed and the Connection will be set into auto-commit mode.
[INFO ] 2018-01-10T21:48:35,840Z [main] persistence.HibernateConfiguration.makeSessionFactoryForSchemas - Created session factory for schemas: [CommonSchemaV1(name=net.corda.core.schemas.CommonSchema, version=1), VaultSchemaV1(name=net.corda.node.services.vault.VaultSchema, version=1), NodeInfoSchemaV1(name=net.corda.core.schemas.NodeInfoSchema, version=1), NodeServicesV1(name=net.corda.node.services.schema.NodeSchemaService$NodeServices, version=1)]
[INFO ] 2018-01-10T21:48:36,508Z [main] internal.QueryTranslatorFactoryInitiator.initiateService - HHH000397: Using ASTQueryTranslatorFactory
[INFO ] 2018-01-10T21:48:36,851Z [main] cordapp.CordappLoader.scanCordapp - Scanning CorDapp in file:/G:/cordanew2/AmendFlow/agreement-negotiation/build/nodes/BankofAmerica/plugins/agreement-negotiation-0.1.jar
[INFO ] 2018-01-10T21:48:38,176Z [main] cordapp.CordappLoader.scanCordapp - Scanning CorDapp in file:/G:/cordanew2/AmendFlow/agreement-negotiation/build/nodes/BankofAmerica/plugins/corda-finance-1.0.0.jar
[INFO ] 2018-01-10T21:48:39,372Z [main] persistence.NodeAttachmentService.importAttachment - Stored new attachment 0B842C3AA666F9C3A7D90D98DB2BD1FE719A1BC5514CEB3D76F92E5F22C4E97B
[INFO ] 2018-01-10T21:48:39,548Z [main] persistence.NodeAttachmentService.importAttachment - Stored new attachment 0D63A7DA21EC5314E8387B27A28FDE2D7FB43A3F979D4091F1A2F0BF95232BCC
[INFO ] 2018-01-10T21:48:39,589Z [main] internal.Node.obtainIdentity - identity-private-key not found in key store G:\cordanew2\AmendFlow\agreement-negotiation\build\nodes\BankofAmerica\certificates\nodekeystore.jks, generating fresh key!
[INFO ] 2018-01-10T21:48:39,875Z [main] network.PersistentNetworkMapCache.loadFromDB - Loading network map from database...
[WARN ] 2018-01-10T21:48:49,300Z [main] core.client.getConnectionWithRetry - AMQ212005: Tried 2 times to connect. Now giving up on reconnecting it.
[WARN ] 2018-01-10T21:48:49,331Z [main] internal.Node.discoverPublicHost - Unable to connect to the Network Map Service at localhost:10002 for IP address discovery. Using the provided "localhost" as the advertised address.
[INFO ] 2018-01-10T21:48:49,331Z [main] BasicInfo.printBasicNodeInfo - Incoming connection address             : localhost:10008
[INFO ] 2018-01-10T21:48:58,530Z [main] BasicInfo.printBasicNodeInfo - Listening on port                       : 10008
[INFO ] 2018-01-10T21:48:58,615Z [main] BasicInfo.printBasicNodeInfo - RPC service listening on port           : 10009
[INFO ] 2018-01-10T21:48:58,718Z [main] messaging.NodeMessagingClient.start - Connecting to message broker: localhost:10008
[INFO ] 2018-01-10T21:49:02,245Z [main] internal.Node.installCordaService - Installed com.genpact.agreementnegotiation.service.CustomQueryVaultService Corda service
[INFO ] 2018-01-10T21:49:02,286Z [main] internal.Node.registerInitiatedFlowInternal - Registered com.genpact.agreementnegotiation.flow.AgreementNegotiationAcceptFlow$Initiator to initiate com.genpact.agreementnegotiation.flow.AgreementNegotiationAcceptFlow$Responder (version 1)
[INFO ] 2018-01-10T21:49:02,288Z [main] internal.Node.registerInitiatedFlowInternal - Registered com.genpact.agreementnegotiation.flow.AgreementNegotiationAmendFlow$Initiator to initiate com.genpact.agreementnegotiation.flow.AgreementNegotiationAmendFlow$Responder (version 1)
[INFO ] 2018-01-10T21:49:02,293Z [main] internal.Node.registerInitiatedFlowInternal - Registered com.genpact.agreementnegotiation.flow.AgreementNegotiationInitiateFlow$Initiator to initiate com.genpact.agreementnegotiation.flow.AgreementNegotiationInitiateFlow$Responder (version 1)
[WARN ] 2018-01-10T21:49:03,119Z [main] utilities.AppendOnlyPersistentMap.set - Double insert in net.corda.node.utilities.AppendOnlyPersistentMap for entity class class net.corda.node.services.identity.PersistentIdentityService$PersistentIdentity key 06EF7F264F7D1F4F7EF92FBD2DE4B174DFD59F49600ECA6E305FC63D1246CF96, not inserting the second time
[WARN ] 2018-01-10T21:49:03,120Z [main] utilities.AppendOnlyPersistentMap.set - Double insert in net.corda.node.utilities.AppendOnlyPersistentMap for entity class class net.corda.node.services.identity.PersistentIdentityService$PersistentIdentityNames key C=US,L=New York,O=Bank of America, not inserting the second time
[INFO ] 2018-01-10T21:49:03,816Z [main] BasicInfo.printBasicNodeInfo - Loaded CorDapps                         : agreement-negotiation-0.1, corda-finance-1.0.0, corda-core-1.0.0
[INFO ] 2018-01-10T21:49:03,909Z [main] messaging.RPCServer.start - Starting RPC server with configuration RPCServerConfiguration(rpcThreadPoolSize=4, consumerPoolSize=2, producerPoolBound=4, reapInterval=PT1S)
[INFO ] 2018-01-10T21:49:14,865Z [Node thread] BasicInfo.printBasicNodeInfo - Node for "Bank of America" started up and registered in 100.84 sec
[INFO ] 2018-01-10T21:49:14,981Z [Node thread] messaging.NodeMessagingClient.invoke - Network map is complete, so removing filter from P2P consumer.
[INFO ] 2018-01-10T21:49:16,679Z [Node thread] plugin.PluginManager.getPlugins - Loaded plugin Plugin[type=CRaSHShellFactory,interface=ShellFactory]
[INFO ] 2018-01-10T21:49:16,681Z [Node thread] plugin.PluginManager.getPlugins - Loaded plugin Plugin[type=GroovyLanguageProxy,interface=Language]
[INFO ] 2018-01-10T21:49:16,683Z [Node thread] plugin.PluginManager.getPlugins - Loaded plugin Plugin[type=JavaLanguage,interface=Language]
[INFO ] 2018-01-10T21:49:16,684Z [Node thread] plugin.PluginManager.getPlugins - Loaded plugin Plugin[type=ScriptLanguage,interface=Language]
[INFO ] 2018-01-10T21:49:16,686Z [Node thread] plugin.PluginManager.getPlugins - Loaded plugin Plugin[type=JaasAuthenticationPlugin,interface=AuthenticationPlugin]
[INFO ] 2018-01-10T21:49:16,688Z [Node thread] plugin.PluginManager.getPlugins - Loaded plugin Plugin[type=SimpleAuthenticationPlugin,interface=AuthenticationPlugin]
[INFO ] 2018-01-10T21:49:16,714Z [Node thread] plugin.PluginManager.getPlugins - Initialized plugin Plugin[type=GroovyLanguageProxy,interface=Language]
[INFO ] 2018-01-10T21:49:16,714Z [Node thread] plugin.PluginManager.getPlugins - Initialized plugin Plugin[type=ScriptLanguage,interface=Language]
[INFO ] 2018-01-10T21:49:16,722Z [Node thread] plugin.PluginManager.getPlugins - Initialized plugin Plugin[type=CRaSHShellFactory,interface=ShellFactory]
[INFO ] 2018-01-10T21:49:16,722Z [Node thread] plugin.PluginManager.getPlugins - Initialized plugin Plugin[type=JaasAuthenticationPlugin,interface=AuthenticationPlugin]
[INFO ] 2018-01-10T21:49:16,722Z [Node thread] plugin.PluginManager.getPlugins - Initialized plugin Plugin[type=SimpleAuthenticationPlugin,interface=AuthenticationPlugin]
[INFO ] 2018-01-10T21:49:39,432Z [rpc-server-handler-pool-0] vault.NodeVaultService._queryBy - Vault Query for contract type: class com.genpact.agreementnegotiation.state.AgreementNegotiationState, criteria: VaultQueryCriteria(status=UNCONSUMED, contractStateTypes=null, stateRefs=null, notary=null, softLockingCondition=null, timeCondition=null), pagination: PageSpecification(pageNumber=-1, pageSize=200), sorting: Sort(columns=[])
[INFO ] 2018-01-10T21:49:39,432Z [rpc-server-handler-pool-0] persistence.HibernateConfiguration.makeSessionFactoryForSchemas - Creating session factory for schemas: [CommonSchemaV1(name=net.corda.core.schemas.CommonSchema, version=1), VaultSchemaV1(name=net.corda.node.services.vault.VaultSchema, version=1), NodeInfoSchemaV1(name=net.corda.core.schemas.NodeInfoSchema, version=1), NodeServicesV1(name=net.corda.node.services.schema.NodeSchemaService$NodeServices, version=1), AgreementNegotiationSchema(name=com.genpact.agreementnegotiation.schema.AgreementNegotiationSchema, version=1), CashSchemaV1(name=net.corda.finance.schemas.CashSchema, version=1), CommercialPaperSchemaV1(name=net.corda.finance.schemas.CommercialPaperSchema, version=1)]
[INFO ] 2018-01-10T21:49:39,448Z [rpc-server-handler-pool-0] internal.ConnectionProviderInitiator.initiateService - HHH000130: Instantiating explicit connection provider: net.corda.node.services.persistence.HibernateConfiguration$NodeDatabaseConnectionProvider
[INFO ] 2018-01-10T21:49:39,448Z [rpc-server-handler-pool-0] dialect.Dialect.<init> - HHH000400: Using dialect: org.hibernate.dialect.H2Dialect
[INFO ] 2018-01-10T21:49:39,448Z [rpc-server-handler-pool-0] type.BasicTypeRegistry.register - HHH000270: Type registration [materialized_blob] overrides previous : org.hibernate.type.MaterializedBlobType@5ef2cbe6
[WARN ] 2018-01-10T21:49:39,533Z [rpc-server-handler-pool-0] java.JavaTypeDescriptorRegistry.getDescriptor - Could not find matching type descriptor for requested Java class [net.corda.core.identity.AbstractParty]; using fallback
[WARN ] 2018-01-10T21:49:39,548Z [rpc-server-handler-pool-0] java.JavaTypeDescriptorRegistry.getDescriptor - Could not find matching type descriptor for requested Java class [net.corda.core.identity.AbstractParty]; using fallback
[WARN ] 2018-01-10T21:49:39,548Z [rpc-server-handler-pool-0] java.JavaTypeDescriptorRegistry.getDescriptor - Could not find matching type descriptor for requested Java class [net.corda.core.identity.AbstractParty]; using fallback
[WARN ] 2018-01-10T21:49:39,548Z [rpc-server-handler-pool-0] java.JavaTypeDescriptorRegistry.getDescriptor - Could not find matching type descriptor for requested Java class [net.corda.core.identity.AbstractParty]; using fallback
[WARN ] 2018-01-10T21:49:39,581Z [rpc-server-handler-pool-0] java.JavaTypeDescriptorRegistry.getDescriptor - Could not find matching type descriptor for requested Java class [net.corda.core.identity.AbstractParty]; using fallback
[WARN ] 2018-01-10T21:49:39,582Z [rpc-server-handler-pool-0] java.JavaTypeDescriptorRegistry.getDescriptor - Could not find matching type descriptor for requested Java class [net.corda.core.identity.AbstractParty]; using fallback
[INFO ] 2018-01-10T21:49:40,058Z [rpc-server-handler-pool-0] connections.access.getIsolatedConnection - HHH10001501: Connection obtained from JdbcConnectionAccess [org.hibernate.engine.jdbc.env.internal.JdbcEnvironmentInitiator$ConnectionProviderJdbcConnectionAccess@43de02cb] for (non-JTA) DDL execution was not in auto-commit mode; the Connection 'local transaction' will be committed and the Connection will be set into auto-commit mode.
[INFO ] 2018-01-10T21:49:40,226Z [rpc-server-handler-pool-0] persistence.HibernateConfiguration.makeSessionFactoryForSchemas - Created session factory for schemas: [CommonSchemaV1(name=net.corda.core.schemas.CommonSchema, version=1), VaultSchemaV1(name=net.corda.node.services.vault.VaultSchema, version=1), NodeInfoSchemaV1(name=net.corda.core.schemas.NodeInfoSchema, version=1), NodeServicesV1(name=net.corda.node.services.schema.NodeSchemaService$NodeServices, version=1), AgreementNegotiationSchema(name=com.genpact.agreementnegotiation.schema.AgreementNegotiationSchema, version=1), CashSchemaV1(name=net.corda.finance.schemas.CashSchema, version=1), CommercialPaperSchemaV1(name=net.corda.finance.schemas.CommercialPaperSchema, version=1)]
[INFO ] 2018-01-10T21:49:40,505Z [rpc-server-handler-pool-0] internal.QueryTranslatorFactoryInitiator.initiateService - HHH000397: Using ASTQueryTranslatorFactory
[INFO ] 2018-01-10T21:49:40,599Z [rpc-server-handler-pool-2] vault.NodeVaultService._queryBy - Vault Query for contract type: class com.genpact.agreementnegotiation.state.AgreementNegotiationState, criteria: VaultQueryCriteria(status=UNCONSUMED, contractStateTypes=null, stateRefs=null, notary=null, softLockingCondition=null, timeCondition=null), pagination: PageSpecification(pageNumber=-1, pageSize=200), sorting: Sort(columns=[])
[INFO ] 2018-01-10T21:49:44,631Z [rpc-server-handler-pool-1] vault.NodeVaultService._queryBy - Vault Query for contract type: class com.genpact.agreementnegotiation.state.AgreementNegotiationState, criteria: VaultQueryCriteria(status=UNCONSUMED, contractStateTypes=null, stateRefs=null, notary=null, softLockingCondition=null, timeCondition=null), pagination: PageSpecification(pageNumber=-1, pageSize=200), sorting: Sort(columns=[])
[WARN ] 2018-01-10T21:49:49,755Z [Thread-0 (ActiveMQ-client-global-threads)] messaging.RPCServer.bindingRemovalArtemisMessageHandler - Detected RPC client disconnect on address rpc.client.SystemUsers/Node.4369361195107872414, scheduling for reaping
